<?xml version="1.0" encoding="UTF-8"?>
<!-- Generated by org.testng.reporters.JUnitReportReporter -->
<testsuite hostname="Keshri" failures="0" tests="1" name="NormalCode.TC03BaseClass" time="20.989" errors="0" timestamp="2024-08-09T17:20:03 IST" skipped="0">
  <testcase classname="NormalCode.TC03BaseClass" name="methodForTC03" time="20.989"/>
  <system-out/>
</testsuite> <!-- NormalCode.TC03BaseClass -->
