<?xml version="1.0" encoding="UTF-8"?>
<!-- Generated by org.testng.reporters.JUnitReportReporter -->
<testsuite hostname="Keshri" failures="0" tests="1" name="MethodPractice.ReadDataFromCmdLine" time="0.015" errors="0" timestamp="2024-08-09T10:07:44 IST" skipped="0">
  <testcase classname="MethodPractice.ReadDataFromCmdLine" name="readData" time="0.015"/>
  <system-out/>
</testsuite> <!-- MethodPractice.ReadDataFromCmdLine -->
